<?xml version="1.0" encoding="UTF-8"?>
<con:testCase id="7c7a8e30-f7fe-4c10-aa6d-8da0df6e6a2b" discardOkResults="false" failOnError="false" failTestCaseOnErrors="true" keepSession="false" name="Test Case 1" searchProperties="true" timeout="0" xmlns:con="http://eviware.com/soapui/config">
  <con:settings>
    <con:setting id="7c7a8e30-f7fe-4c10-aa6d-8da0df6e6a2bfileName">Test-Case-1</con:setting>
  </con:settings>
  <con:properties/>
  <con:reportParameters/>
</con:testCase>
