<?xml version="1.0" encoding="UTF-8"?>
<con:testCase id="51545212-2d91-49bd-824b-fb969b0dedee" discardOkResults="false" failOnError="false" failTestCaseOnErrors="true" keepSession="false" name="Test Case 2" searchProperties="true" timeout="0" xmlns:con="http://eviware.com/soapui/config">
  <con:settings>
    <con:setting id="51545212-2d91-49bd-824b-fb969b0dedeefileName">Test-Case-2</con:setting>
  </con:settings>
  <con:properties/>
  <con:reportParameters/>
</con:testCase>
