<?xml version="1.0" encoding="UTF-8"?>
<con:testCase id="0fbe06e1-c9e0-47d6-bc40-71dbf5ce037a" discardOkResults="false" failOnError="false" failTestCaseOnErrors="true" keepSession="false" name="Test Case 3" searchProperties="true" timeout="0" xmlns:con="http://eviware.com/soapui/config">
  <con:settings>
    <con:setting id="0fbe06e1-c9e0-47d6-bc40-71dbf5ce037afileName">Test-Case-3</con:setting>
  </con:settings>
  <con:properties/>
  <con:reportParameters/>
</con:testCase>
